[debug] [2024-05-08T09:26:18.482Z] ----------------------------------------------------------------------
[debug] [2024-05-08T09:26:18.486Z] Command:       C:\Program Files\nodejs\node.exe C:\Users\admin\AppData\Roaming\npm\node_modules\firebase-tools\lib\bin\firebase.js init
[debug] [2024-05-08T09:26:18.486Z] CLI Version:   13.5.2
[debug] [2024-05-08T09:26:18.487Z] Platform:      win32
[debug] [2024-05-08T09:26:18.487Z] Node Version:  v20.11.1
[debug] [2024-05-08T09:26:18.487Z] Time:          Wed May 08 2024 14:56:18 GMT+0530 (India Standard Time)
[debug] [2024-05-08T09:26:18.487Z] ----------------------------------------------------------------------
[debug] 
[debug] [2024-05-08T09:26:18.602Z] > command requires scopes: ["email","openid","https://www.googleapis.com/auth/cloudplatformprojects.readonly","https://www.googleapis.com/auth/firebase","https://www.googleapis.com/auth/cloud-platform"]
[debug] [2024-05-08T09:26:18.603Z] > authorizing via signed-in user (mahajanvismaya@gmail.com)
[info] 
     ######## #### ########  ######## ########     ###     ######  ########
     ##        ##  ##     ## ##       ##     ##  ##   ##  ##       ##
     ######    ##  ########  ######   ########  #########  ######  ######
     ##        ##  ##    ##  ##       ##     ## ##     ##       ## ##
     ##       #### ##     ## ######## ########  ##     ##  ######  ########

You're about to initialize a Firebase project in this directory:

  C:\Users\admin\Documents\IMP Doc\Portfolio\my_resume

Before we get started, keep in mind:

  * You are initializing within an existing Firebase project directory

[info] 
=== Project Setup
[info] 
[info] First, let's associate this project directory with a Firebase project.
[info] You can create multiple project aliases by running firebase use --add, 
[info] but for now we'll just set up a default project.
[info] 
[debug] [2024-05-08T09:26:35.910Z] Using project from CLI flag: my-portfolio-3d989
[debug] [2024-05-08T09:26:35.913Z] >>> [apiv2][query] GET https://firebase.googleapis.com/v1beta1/projects/my-portfolio-3d989 [none]
[debug] [2024-05-08T09:26:37.909Z] <<< [apiv2][status] GET https://firebase.googleapis.com/v1beta1/projects/my-portfolio-3d989 200
[debug] [2024-05-08T09:26:37.910Z] <<< [apiv2][body] GET https://firebase.googleapis.com/v1beta1/projects/my-portfolio-3d989 {"projectId":"my-portfolio-3d989","projectNumber":"488135644991","displayName":"my-portfolio","name":"projects/my-portfolio-3d989","resources":{"hostingSite":"my-portfolio-3d989"},"state":"ACTIVE","etag":"1_26fd1d06-ef4b-477c-835a-40b8edeed22b"}
[info] i  Using project my-portfolio-3d989 (my-portfolio) 
[info] 
=== Hosting Setup
[debug] [2024-05-08T09:26:37.918Z] >>> [apiv2][query] GET https://firebase.googleapis.com/v1beta1/projects/my-portfolio-3d989 [none]
[debug] [2024-05-08T09:26:38.274Z] <<< [apiv2][status] GET https://firebase.googleapis.com/v1beta1/projects/my-portfolio-3d989 200
[debug] [2024-05-08T09:26:38.274Z] <<< [apiv2][body] GET https://firebase.googleapis.com/v1beta1/projects/my-portfolio-3d989 {"projectId":"my-portfolio-3d989","projectNumber":"488135644991","displayName":"my-portfolio","name":"projects/my-portfolio-3d989","resources":{"hostingSite":"my-portfolio-3d989"},"state":"ACTIVE","etag":"1_26fd1d06-ef4b-477c-835a-40b8edeed22b"}
[info] 
[info] Your public directory is the folder (relative to your project directory) that
[info] will contain Hosting assets to be uploaded with firebase deploy. If you
[info] have a build process for your assets, use your build's output directory.
[info] 
[debug] [2024-05-08T09:27:08.635Z] >>> [apiv2][query] GET https://www.gstatic.com/firebasejs/releases.json [none]
[debug] [2024-05-08T09:27:08.955Z] <<< [apiv2][status] GET https://www.gstatic.com/firebasejs/releases.json 200
[debug] [2024-05-08T09:27:08.956Z] <<< [apiv2][body] GET https://www.gstatic.com/firebasejs/releases.json {"current":{"version":"10.11.1","browserURL":"https://www.gstatic.com/firebasejs/10.11.1/firebase.js","packageURL":"https://www.gstatic.com/firebasejs/10.11.1/firebase.tgz"},"live":{"version":"10.11","browserURL":"https://www.gstatic.com/firebasejs/live/10.11/firebase.js","packageURL":"https://www.gstatic.com/firebasejs/live/10.11/firebase.tgz"},"components":{"analytics":"https://www.gstatic.com/firebasejs/10.11.1/firebase-analytics.js","app":"https://www.gstatic.com/firebasejs/10.11.1/firebase-app.js","app-check":"https://www.gstatic.com/firebasejs/10.11.1/firebase-app-check.js","auth":"https://www.gstatic.com/firebasejs/10.11.1/firebase-auth.js","auth/cordova":"https://www.gstatic.com/firebasejs/10.11.1/firebase-auth/cordova.js","auth/web-extension":"https://www.gstatic.com/firebasejs/10.11.1/firebase-auth/web-extension.js","functions":"https://www.gstatic.com/firebasejs/10.11.1/firebase-functions.js","firestore":"https://www.gstatic.com/firebasejs/10.11.1/firebase-firestore.js","firestore/lite":"https://www.gstatic.com/firebasejs/10.11.1/firebase-firestore/lite.js","installations":"https://www.gstatic.com/firebasejs/10.11.1/firebase-installations.js","storage":"https://www.gstatic.com/firebasejs/10.11.1/firebase-storage.js","performance":"https://www.gstatic.com/firebasejs/10.11.1/firebase-performance.js","remote-config":"https://www.gstatic.com/firebasejs/10.11.1/firebase-remote-config.js","messaging":"https://www.gstatic.com/firebasejs/10.11.1/firebase-messaging.js","messaging/sw":"https://www.gstatic.com/firebasejs/10.11.1/firebase-messaging/sw.js","database":"https://www.gstatic.com/firebasejs/10.11.1/firebase-database.js","firestore.memory":"https://www.gstatic.com/firebasejs/10.11.1/firebase-firestore.memory.js"}}
[info] i  Skipping write of build/index.html 
[info] 
[info] i  Didn't detect a .git folder. Assuming C:\Users\admin\Documents\IMP Doc\Portfolio\my_resume is the project root. 
[info] i  Authorizing with GitHub to upload your service account to a GitHub repository's secrets store. 
[info] 
[info] Visit this URL on this device to log in:
[info] https://github.com/login/oauth/authorize?client_id=89cf50f02ac6aaed3484&state=657157723&redirect_uri=http%3A%2F%2Flocalhost%3A9005&scope=read%3Auser%20repo%20public_repo
[info] 
[info] Waiting for authentication...
